<?xml version="1.0" encoding="UTF-8"?>
<!-- Generated by org.testng.reporters.JUnitReportReporter -->
<testsuite skipped="0" hostname="JEET" name="com.egazette.TestEgazette" tests="1" failures="0" timestamp="2020-06-30T10:29:30 IST" time="65.554" errors="0">
  <testcase name="TestEgazette" time="65.554" classname="com.egazette.TestEgazette"/>
  <system-out/>
</testsuite> <!-- com.egazette.TestEgazette -->
