<?xml version="1.0" encoding="UTF-8"?>
<!-- Generated by org.testng.reporters.JUnitReportReporter -->
<testsuite skipped="0" hostname="JEET" name="com.egazette.TestEgazette" tests="1" failures="0" timestamp="2020-05-11T18:26:27 IST" time="52.610" errors="0">
  <testcase name="TestEgazette" time="52.610" classname="com.egazette.TestEgazette"/>
  <system-out/>
</testsuite> <!-- com.egazette.TestEgazette -->
