<?xml version="1.0" encoding="UTF-8"?>
<!-- Generated by org.testng.reporters.JUnitReportReporter -->
<testsuite skipped="0" hostname="JEET" name="com.amazon.Testamazono" tests="1" failures="0" timestamp="2020-04-23T13:59:24 IST" time="30.659" errors="0">
  <testcase name="Testamazono" time="30.659" classname="com.amazon.Testamazono"/>
  <system-out/>
</testsuite> <!-- com.amazon.Testamazono -->
