<?xml version="1.0" encoding="UTF-8"?>
<!-- Generated by org.testng.reporters.JUnitReportReporter -->
<testsuite skipped="0" hostname="JEET" name="com.amazon.Testguru99login" tests="1" failures="0" timestamp="2020-06-26T13:26:53 IST" time="28.913" errors="0">
  <testcase name="Testguru99login" time="28.913" classname="com.amazon.Testguru99login"/>
  <system-out/>
</testsuite> <!-- com.amazon.Testguru99login -->
